<?xml version="1.0" encoding="UTF-8"?>
<!-- Generated by org.testng.reporters.JUnitReportReporter -->
<testsuite hostname="ShivangiG" name="test.LoginWithPageFactory" tests="1" failures="0" timestamp="20 Mar 2017 06:15:32 GMT" time="75.044" errors="0">
  <testcase name="test_Login_Page_For_HostUser" time="75.044" classname="test.LoginWithPageFactory"/>
</testsuite> <!-- test.LoginWithPageFactory -->
